<?xml version="1.0" encoding="utf-8"?><testsuites name="pytest tests"><testsuite name="pytest" errors="0" failures="1" skipped="0" tests="15" time="5.484" timestamp="2026-02-23T13:00:41.734728+00:00" hostname="agent-env-6f752a5e-fd15-498d-ac7c-218a02135c48"><testcase classname="backend.tests.test_ghostrecon_v4.TestWebRTCConfig" name="test_get_webrtc_config" time="1.000" /><testcase classname="backend.tests.test_ghostrecon_v4.TestWebRTCConfig" name="test_webrtc_config_requires_auth" time="0.068" /><testcase classname="backend.tests.test_ghostrecon_v4.TestDisappearingProfilePhotos" name="test_upload_profile_photo" time="0.103" /><testcase classname="backend.tests.test_ghostrecon_v4.TestDisappearingProfilePhotos" name="test_view_profile_photo_tracking" time="0.237"><failure message="assert 0 == 1">backend/tests/test_ghostrecon_v4.py:126: in test_view_profile_photo_tracking
    assert view1_data["view_count"] == 1
E   assert 0 == 1</failure></testcase><testcase classname="backend.tests.test_ghostrecon_v4.TestDisappearingProfilePhotos" name="test_profile_photo_disappears_after_max_views" time="0.575" /><testcase classname="backend.tests.test_ghostrecon_v4.TestDisappearingProfilePhotos" name="test_delete_profile_photo" time="0.443" /><testcase classname="backend.tests.test_ghostrecon_v4.TestGroupEncryption" name="test_distribute_group_key" time="0.357" /><testcase classname="backend.tests.test_ghostrecon_v4.TestGroupEncryption" name="test_get_my_group_key" time="0.293" /><testcase classname="backend.tests.test_ghostrecon_v4.TestGroupEncryption" name="test_rotate_group_key" time="0.405" /><testcase classname="backend.tests.test_ghostrecon_v4.TestGroupEncryption" name="test_get_group_key_not_found" time="0.136" /><testcase classname="backend.tests.test_ghostrecon_v4.TestRegressionExistingEndpoints" name="test_health_check" time="0.053" /><testcase classname="backend.tests.test_ghostrecon_v4.TestRegressionExistingEndpoints" name="test_auth_register_login" time="0.109" /><testcase classname="backend.tests.test_ghostrecon_v4.TestRegressionExistingEndpoints" name="test_conversations_and_messages" time="0.581" /><testcase classname="backend.tests.test_ghostrecon_v4.TestRegressionExistingEndpoints" name="test_security_endpoints" time="0.313" /><testcase classname="backend.tests.test_ghostrecon_v4.TestRegressionExistingEndpoints" name="test_calls_endpoints" time="0.309" /></testsuite></testsuites>