<?xml version="1.0" encoding="utf-8"?><testsuites name="pytest tests"><testsuite name="pytest" errors="0" failures="0" skipped="0" tests="30" time="12.115" timestamp="2026-02-23T07:14:38.651009+00:00" hostname="agent-env-6f752a5e-fd15-498d-ac7c-218a02135c48"><testcase classname="tests.test_auth.TestHealthAndSeed" name="test_health_check" time="0.017" /><testcase classname="tests.test_auth.TestHealthAndSeed" name="test_seed_data" time="0.468" /><testcase classname="tests.test_auth.TestAuthAnonymous" name="test_register_anonymous_new_user" time="0.300" /><testcase classname="tests.test_auth.TestAuthAnonymous" name="test_register_anonymous_existing_fingerprint" time="0.186" /><testcase classname="tests.test_auth.TestAuthPseudonym" name="test_register_pseudonym_success" time="1.057" /><testcase classname="tests.test_auth.TestAuthPseudonym" name="test_register_pseudonym_duplicate_email" time="0.801" /><testcase classname="tests.test_auth.TestAuthLogin" name="test_login_pseudonym_with_email" time="2.345" /><testcase classname="tests.test_auth.TestAuthLogin" name="test_login_anonymous_with_fingerprint" time="0.504" /><testcase classname="tests.test_auth.TestAuthLogin" name="test_login_invalid_credentials" time="0.188" /><testcase classname="tests.test_auth.TestAuthMe" name="test_get_me_with_valid_token" time="0.304" /><testcase classname="tests.test_auth.TestAuthMe" name="test_get_me_without_token" time="0.052" /><testcase classname="tests.test_calls_security.TestCalls" name="test_initiate_voice_call" time="0.752" /><testcase classname="tests.test_calls_security.TestCalls" name="test_initiate_video_call" time="0.087" /><testcase classname="tests.test_calls_security.TestCalls" name="test_get_call_history" time="0.141" /><testcase classname="tests.test_calls_security.TestCalls" name="test_end_call" time="0.167" /><testcase classname="tests.test_calls_security.TestSecuritySettings" name="test_get_security_settings" time="0.076" /><testcase classname="tests.test_calls_security.TestSecuritySettings" name="test_update_security_settings" time="0.112" /><testcase classname="tests.test_calls_security.TestKeyRotation" name="test_rotate_keys" time="0.181" /><testcase classname="tests.test_calls_security.TestPanicWipe" name="test_panic_wipe_invalid_code" time="0.123" /><testcase classname="tests.test_calls_security.TestPanicWipe" name="test_panic_wipe_success" time="0.963" /><testcase classname="tests.test_calls_security.TestSessionInfo" name="test_get_session_info" time="0.103" /><testcase classname="tests.test_contacts_messages.TestContacts" name="test_add_contact" time="0.419" /><testcase classname="tests.test_contacts_messages.TestContacts" name="test_get_contacts" time="0.165" /><testcase classname="tests.test_contacts_messages.TestContacts" name="test_add_duplicate_contact" time="0.057" /><testcase classname="tests.test_contacts_messages.TestConversations" name="test_create_conversation" time="0.798" /><testcase classname="tests.test_contacts_messages.TestConversations" name="test_get_conversations" time="0.018" /><testcase classname="tests.test_contacts_messages.TestConversations" name="test_create_duplicate_dm_returns_existing" time="0.183" /><testcase classname="tests.test_contacts_messages.TestMessages" name="test_send_message" time="0.510" /><testcase classname="tests.test_contacts_messages.TestMessages" name="test_get_messages" time="0.306" /><testcase classname="tests.test_contacts_messages.TestMessages" name="test_recall_message" time="0.129" /></testsuite></testsuites>