<?xml version="1.0" encoding="utf-8"?><testsuites name="pytest tests"><testsuite name="pytest" errors="0" failures="4" skipped="0" tests="64" time="16.445" timestamp="2026-02-23T13:01:55.391365+00:00" hostname="agent-env-6f752a5e-fd15-498d-ac7c-218a02135c48"><testcase classname="backend.tests.test_auth.TestHealthAndSeed" name="test_health_check" time="0.187" /><testcase classname="backend.tests.test_auth.TestHealthAndSeed" name="test_seed_data" time="0.075" /><testcase classname="backend.tests.test_auth.TestAuthAnonymous" name="test_register_anonymous_new_user" time="0.128" /><testcase classname="backend.tests.test_auth.TestAuthAnonymous" name="test_register_anonymous_existing_fingerprint" time="0.130" /><testcase classname="backend.tests.test_auth.TestAuthPseudonym" name="test_register_pseudonym_success" time="0.059"><failure message="assert 400 == 200&#10; +  where 400 = &lt;Response [400]&gt;.status_code">backend/tests/test_auth.py:94: in test_register_pseudonym_success
    assert response.status_code == 200
E   assert 400 == 200
E    +  where 400 = &lt;Response [400]&gt;.status_code</failure></testcase><testcase classname="backend.tests.test_auth.TestAuthPseudonym" name="test_register_pseudonym_duplicate_email" time="0.065"><failure message="assert 400 == 200&#10; +  where 400 = &lt;Response [400]&gt;.status_code">backend/tests/test_auth.py:112: in test_register_pseudonym_duplicate_email
    assert response1.status_code == 200
E   assert 400 == 200
E    +  where 400 = &lt;Response [400]&gt;.status_code</failure></testcase><testcase classname="backend.tests.test_auth.TestAuthLogin" name="test_login_pseudonym_with_email" time="0.058"><failure message="assert 400 == 200&#10; +  where 400 = &lt;Response [400]&gt;.status_code">backend/tests/test_auth.py:130: in test_login_pseudonym_with_email
    assert reg_response.status_code == 200
E   assert 400 == 200
E    +  where 400 = &lt;Response [400]&gt;.status_code</failure></testcase><testcase classname="backend.tests.test_auth.TestAuthLogin" name="test_login_anonymous_with_fingerprint" time="0.172" /><testcase classname="backend.tests.test_auth.TestAuthLogin" name="test_login_invalid_credentials" time="0.064" /><testcase classname="backend.tests.test_auth.TestAuthMe" name="test_get_me_with_valid_token" time="0.133" /><testcase classname="backend.tests.test_auth.TestAuthMe" name="test_get_me_without_token" time="0.047" /><testcase classname="backend.tests.test_calls_security.TestCalls" name="test_initiate_voice_call" time="0.192" /><testcase classname="backend.tests.test_calls_security.TestCalls" name="test_initiate_video_call" time="0.160" /><testcase classname="backend.tests.test_calls_security.TestCalls" name="test_get_call_history" time="0.060" /><testcase classname="backend.tests.test_calls_security.TestCalls" name="test_end_call" time="0.119" /><testcase classname="backend.tests.test_calls_security.TestSecuritySettings" name="test_get_security_settings" time="0.045" /><testcase classname="backend.tests.test_calls_security.TestSecuritySettings" name="test_update_security_settings" time="0.132" /><testcase classname="backend.tests.test_calls_security.TestKeyRotation" name="test_rotate_keys" time="0.197" /><testcase classname="backend.tests.test_calls_security.TestPanicWipe" name="test_panic_wipe_invalid_code" time="0.100" /><testcase classname="backend.tests.test_calls_security.TestPanicWipe" name="test_panic_wipe_success" time="0.642" /><testcase classname="backend.tests.test_calls_security.TestSessionInfo" name="test_get_session_info" time="0.069" /><testcase classname="backend.tests.test_contacts_messages.TestContacts" name="test_add_contact" time="0.170"><failure message="assert 400 == 200&#10; +  where 400 = &lt;Response [400]&gt;.status_code">backend/tests/test_contacts_messages.py:40: in test_add_contact
    assert response.status_code == 200
E   assert 400 == 200
E    +  where 400 = &lt;Response [400]&gt;.status_code</failure></testcase><testcase classname="backend.tests.test_contacts_messages.TestContacts" name="test_get_contacts" time="0.054" /><testcase classname="backend.tests.test_contacts_messages.TestContacts" name="test_add_duplicate_contact" time="0.051" /><testcase classname="backend.tests.test_contacts_messages.TestConversations" name="test_create_conversation" time="0.375" /><testcase classname="backend.tests.test_contacts_messages.TestConversations" name="test_get_conversations" time="0.055" /><testcase classname="backend.tests.test_contacts_messages.TestConversations" name="test_create_duplicate_dm_returns_existing" time="0.104" /><testcase classname="backend.tests.test_contacts_messages.TestMessages" name="test_send_message" time="0.185" /><testcase classname="backend.tests.test_contacts_messages.TestMessages" name="test_get_messages" time="0.057" /><testcase classname="backend.tests.test_contacts_messages.TestMessages" name="test_recall_message" time="0.270" /><testcase classname="backend.tests.test_ghostrecon_v4.TestWebRTCConfig" name="test_get_webrtc_config" time="0.229" /><testcase classname="backend.tests.test_ghostrecon_v4.TestWebRTCConfig" name="test_webrtc_config_requires_auth" time="0.042" /><testcase classname="backend.tests.test_ghostrecon_v4.TestDisappearingProfilePhotos" name="test_upload_profile_photo" time="0.119" /><testcase classname="backend.tests.test_ghostrecon_v4.TestDisappearingProfilePhotos" name="test_view_profile_photo_tracking" time="0.236" /><testcase classname="backend.tests.test_ghostrecon_v4.TestDisappearingProfilePhotos" name="test_profile_photo_disappears_after_max_views" time="1.259" /><testcase classname="backend.tests.test_ghostrecon_v4.TestDisappearingProfilePhotos" name="test_delete_profile_photo" time="0.714" /><testcase classname="backend.tests.test_ghostrecon_v4.TestGroupEncryption" name="test_distribute_group_key" time="0.772" /><testcase classname="backend.tests.test_ghostrecon_v4.TestGroupEncryption" name="test_get_my_group_key" time="0.334" /><testcase classname="backend.tests.test_ghostrecon_v4.TestGroupEncryption" name="test_rotate_group_key" time="0.684" /><testcase classname="backend.tests.test_ghostrecon_v4.TestGroupEncryption" name="test_get_group_key_not_found" time="0.470" /><testcase classname="backend.tests.test_ghostrecon_v4.TestRegressionExistingEndpoints" name="test_health_check" time="0.134" /><testcase classname="backend.tests.test_ghostrecon_v4.TestRegressionExistingEndpoints" name="test_auth_register_login" time="0.215" /><testcase classname="backend.tests.test_ghostrecon_v4.TestRegressionExistingEndpoints" name="test_conversations_and_messages" time="0.748" /><testcase classname="backend.tests.test_ghostrecon_v4.TestRegressionExistingEndpoints" name="test_security_endpoints" time="1.025" /><testcase classname="backend.tests.test_ghostrecon_v4.TestRegressionExistingEndpoints" name="test_calls_endpoints" time="0.392" /><testcase classname="backend.tests.test_new_features.TestPublicKeyExchange" name="test_publish_public_key" time="0.257" /><testcase classname="backend.tests.test_new_features.TestPublicKeyExchange" name="test_get_public_key" time="0.260" /><testcase classname="backend.tests.test_new_features.TestPublicKeyExchange" name="test_get_public_key_not_found" time="0.232" /><testcase classname="backend.tests.test_new_features.TestSessionInfo" name="test_session_info_includes_public_key" time="0.239" /><testcase classname="backend.tests.test_new_features.TestCallSignaling" name="test_call_signal_offer" time="0.275" /><testcase classname="backend.tests.test_new_features.TestCallSignaling" name="test_call_signal_ice_candidate" time="0.906" /><testcase classname="backend.tests.test_new_features.TestCallSignaling" name="test_accept_call" time="0.386" /><testcase classname="backend.tests.test_new_features.TestCallSignaling" name="test_reject_call" time="0.339" /><testcase classname="backend.tests.test_new_features.TestCallSignaling" name="test_call_signal_invalid_call_id" time="0.105" /><testcase classname="backend.tests.test_websocket_notifications.TestVersionCheck" name="test_api_version_2_0_0" time="0.071" /><testcase classname="backend.tests.test_websocket_notifications.TestPushNotifications" name="test_register_push_token_authenticated" time="0.112" /><testcase classname="backend.tests.test_websocket_notifications.TestPushNotifications" name="test_register_push_token_unauthenticated" time="0.044" /><testcase classname="backend.tests.test_websocket_notifications.TestWebSocket" name="test_websocket_connection_with_valid_token" time="0.276" /><testcase classname="backend.tests.test_websocket_notifications.TestWebSocket" name="test_websocket_ping_pong" time="0.392" /><testcase classname="backend.tests.test_websocket_notifications.TestWebSocket" name="test_websocket_invalid_token_rejected" time="0.098" /><testcase classname="backend.tests.test_websocket_notifications.TestMessageBroadcasting" name="test_message_send_creates_message" time="0.304" /><testcase classname="backend.tests.test_websocket_notifications.TestExistingEndpointsStillWork" name="test_auth_endpoints_working" time="0.119" /><testcase classname="backend.tests.test_websocket_notifications.TestExistingEndpointsStillWork" name="test_conversations_endpoints_working" time="0.137" /><testcase classname="backend.tests.test_websocket_notifications.TestExistingEndpointsStillWork" name="test_security_endpoints_working" time="0.159" /></testsuite></testsuites>