<?xml version="1.0" encoding="utf-8"?><testsuites name="pytest tests"><testsuite name="pytest" errors="0" failures="4" skipped="0" tests="40" time="7.597" timestamp="2026-02-23T10:52:43.463109+00:00" hostname="agent-env-6f752a5e-fd15-498d-ac7c-218a02135c48"><testcase classname="tests.test_auth.TestHealthAndSeed" name="test_health_check" time="0.555" /><testcase classname="tests.test_auth.TestHealthAndSeed" name="test_seed_data" time="0.306" /><testcase classname="tests.test_auth.TestAuthAnonymous" name="test_register_anonymous_new_user" time="0.215" /><testcase classname="tests.test_auth.TestAuthAnonymous" name="test_register_anonymous_existing_fingerprint" time="0.229" /><testcase classname="tests.test_auth.TestAuthPseudonym" name="test_register_pseudonym_success" time="0.196"><failure message="assert 400 == 200&#10; +  where 400 = &lt;Response [400]&gt;.status_code">tests/test_auth.py:94: in test_register_pseudonym_success
    assert response.status_code == 200
E   assert 400 == 200
E    +  where 400 = &lt;Response [400]&gt;.status_code</failure></testcase><testcase classname="tests.test_auth.TestAuthPseudonym" name="test_register_pseudonym_duplicate_email" time="0.039"><failure message="assert 400 == 200&#10; +  where 400 = &lt;Response [400]&gt;.status_code">tests/test_auth.py:112: in test_register_pseudonym_duplicate_email
    assert response1.status_code == 200
E   assert 400 == 200
E    +  where 400 = &lt;Response [400]&gt;.status_code</failure></testcase><testcase classname="tests.test_auth.TestAuthLogin" name="test_login_pseudonym_with_email" time="0.099"><failure message="assert 400 == 200&#10; +  where 400 = &lt;Response [400]&gt;.status_code">tests/test_auth.py:130: in test_login_pseudonym_with_email
    assert reg_response.status_code == 200
E   assert 400 == 200
E    +  where 400 = &lt;Response [400]&gt;.status_code</failure></testcase><testcase classname="tests.test_auth.TestAuthLogin" name="test_login_anonymous_with_fingerprint" time="0.116" /><testcase classname="tests.test_auth.TestAuthLogin" name="test_login_invalid_credentials" time="0.037" /><testcase classname="tests.test_auth.TestAuthMe" name="test_get_me_with_valid_token" time="0.165" /><testcase classname="tests.test_auth.TestAuthMe" name="test_get_me_without_token" time="0.050" /><testcase classname="tests.test_calls_security.TestCalls" name="test_initiate_voice_call" time="0.159" /><testcase classname="tests.test_calls_security.TestCalls" name="test_initiate_video_call" time="0.079" /><testcase classname="tests.test_calls_security.TestCalls" name="test_get_call_history" time="0.048" /><testcase classname="tests.test_calls_security.TestCalls" name="test_end_call" time="0.111" /><testcase classname="tests.test_calls_security.TestSecuritySettings" name="test_get_security_settings" time="0.047" /><testcase classname="tests.test_calls_security.TestSecuritySettings" name="test_update_security_settings" time="0.082" /><testcase classname="tests.test_calls_security.TestKeyRotation" name="test_rotate_keys" time="0.148" /><testcase classname="tests.test_calls_security.TestPanicWipe" name="test_panic_wipe_invalid_code" time="0.166" /><testcase classname="tests.test_calls_security.TestPanicWipe" name="test_panic_wipe_success" time="0.679" /><testcase classname="tests.test_calls_security.TestSessionInfo" name="test_get_session_info" time="0.075" /><testcase classname="tests.test_contacts_messages.TestContacts" name="test_add_contact" time="0.108"><failure message="assert 400 == 200&#10; +  where 400 = &lt;Response [400]&gt;.status_code">tests/test_contacts_messages.py:40: in test_add_contact
    assert response.status_code == 200
E   assert 400 == 200
E    +  where 400 = &lt;Response [400]&gt;.status_code</failure></testcase><testcase classname="tests.test_contacts_messages.TestContacts" name="test_get_contacts" time="0.033" /><testcase classname="tests.test_contacts_messages.TestContacts" name="test_add_duplicate_contact" time="0.035" /><testcase classname="tests.test_contacts_messages.TestConversations" name="test_create_conversation" time="0.115" /><testcase classname="tests.test_contacts_messages.TestConversations" name="test_get_conversations" time="0.044" /><testcase classname="tests.test_contacts_messages.TestConversations" name="test_create_duplicate_dm_returns_existing" time="0.133" /><testcase classname="tests.test_contacts_messages.TestMessages" name="test_send_message" time="0.126" /><testcase classname="tests.test_contacts_messages.TestMessages" name="test_get_messages" time="0.053" /><testcase classname="tests.test_contacts_messages.TestMessages" name="test_recall_message" time="0.154" /><testcase classname="tests.test_websocket_notifications.TestVersionCheck" name="test_api_version_2_0_0" time="0.038" /><testcase classname="tests.test_websocket_notifications.TestPushNotifications" name="test_register_push_token_authenticated" time="0.162" /><testcase classname="tests.test_websocket_notifications.TestPushNotifications" name="test_register_push_token_unauthenticated" time="0.093" /><testcase classname="tests.test_websocket_notifications.TestWebSocket" name="test_websocket_connection_with_valid_token" time="0.363" /><testcase classname="tests.test_websocket_notifications.TestWebSocket" name="test_websocket_ping_pong" time="0.358" /><testcase classname="tests.test_websocket_notifications.TestWebSocket" name="test_websocket_invalid_token_rejected" time="0.289" /><testcase classname="tests.test_websocket_notifications.TestMessageBroadcasting" name="test_message_send_creates_message" time="0.341" /><testcase classname="tests.test_websocket_notifications.TestExistingEndpointsStillWork" name="test_auth_endpoints_working" time="0.193" /><testcase classname="tests.test_websocket_notifications.TestExistingEndpointsStillWork" name="test_conversations_endpoints_working" time="0.152" /><testcase classname="tests.test_websocket_notifications.TestExistingEndpointsStillWork" name="test_security_endpoints_working" time="0.287" /></testsuite></testsuites>