<?xml version="1.0" encoding="utf-8"?><testsuites name="pytest tests"><testsuite name="pytest" errors="0" failures="4" skipped="0" tests="49" time="12.468" timestamp="2026-02-23T11:15:38.192329+00:00" hostname="agent-env-6f752a5e-fd15-498d-ac7c-218a02135c48"><testcase classname="tests.test_auth.TestHealthAndSeed" name="test_health_check" time="0.709" /><testcase classname="tests.test_auth.TestHealthAndSeed" name="test_seed_data" time="0.141" /><testcase classname="tests.test_auth.TestAuthAnonymous" name="test_register_anonymous_new_user" time="0.198" /><testcase classname="tests.test_auth.TestAuthAnonymous" name="test_register_anonymous_existing_fingerprint" time="0.198" /><testcase classname="tests.test_auth.TestAuthPseudonym" name="test_register_pseudonym_success" time="0.060"><failure message="assert 400 == 200&#10; +  where 400 = &lt;Response [400]&gt;.status_code">tests/test_auth.py:94: in test_register_pseudonym_success
    assert response.status_code == 200
E   assert 400 == 200
E    +  where 400 = &lt;Response [400]&gt;.status_code</failure></testcase><testcase classname="tests.test_auth.TestAuthPseudonym" name="test_register_pseudonym_duplicate_email" time="0.055"><failure message="assert 400 == 200&#10; +  where 400 = &lt;Response [400]&gt;.status_code">tests/test_auth.py:112: in test_register_pseudonym_duplicate_email
    assert response1.status_code == 200
E   assert 400 == 200
E    +  where 400 = &lt;Response [400]&gt;.status_code</failure></testcase><testcase classname="tests.test_auth.TestAuthLogin" name="test_login_pseudonym_with_email" time="0.064"><failure message="assert 400 == 200&#10; +  where 400 = &lt;Response [400]&gt;.status_code">tests/test_auth.py:130: in test_login_pseudonym_with_email
    assert reg_response.status_code == 200
E   assert 400 == 200
E    +  where 400 = &lt;Response [400]&gt;.status_code</failure></testcase><testcase classname="tests.test_auth.TestAuthLogin" name="test_login_anonymous_with_fingerprint" time="0.174" /><testcase classname="tests.test_auth.TestAuthLogin" name="test_login_invalid_credentials" time="0.066" /><testcase classname="tests.test_auth.TestAuthMe" name="test_get_me_with_valid_token" time="0.128" /><testcase classname="tests.test_auth.TestAuthMe" name="test_get_me_without_token" time="0.047" /><testcase classname="tests.test_calls_security.TestCalls" name="test_initiate_voice_call" time="0.218" /><testcase classname="tests.test_calls_security.TestCalls" name="test_initiate_video_call" time="0.049" /><testcase classname="tests.test_calls_security.TestCalls" name="test_get_call_history" time="0.062" /><testcase classname="tests.test_calls_security.TestCalls" name="test_end_call" time="0.181" /><testcase classname="tests.test_calls_security.TestSecuritySettings" name="test_get_security_settings" time="0.054" /><testcase classname="tests.test_calls_security.TestSecuritySettings" name="test_update_security_settings" time="0.113" /><testcase classname="tests.test_calls_security.TestKeyRotation" name="test_rotate_keys" time="0.282" /><testcase classname="tests.test_calls_security.TestPanicWipe" name="test_panic_wipe_invalid_code" time="0.118" /><testcase classname="tests.test_calls_security.TestPanicWipe" name="test_panic_wipe_success" time="0.929" /><testcase classname="tests.test_calls_security.TestSessionInfo" name="test_get_session_info" time="0.113" /><testcase classname="tests.test_contacts_messages.TestContacts" name="test_add_contact" time="0.182"><failure message="assert 400 == 200&#10; +  where 400 = &lt;Response [400]&gt;.status_code">tests/test_contacts_messages.py:40: in test_add_contact
    assert response.status_code == 200
E   assert 400 == 200
E    +  where 400 = &lt;Response [400]&gt;.status_code</failure></testcase><testcase classname="tests.test_contacts_messages.TestContacts" name="test_get_contacts" time="0.090" /><testcase classname="tests.test_contacts_messages.TestContacts" name="test_add_duplicate_contact" time="0.061" /><testcase classname="tests.test_contacts_messages.TestConversations" name="test_create_conversation" time="0.238" /><testcase classname="tests.test_contacts_messages.TestConversations" name="test_get_conversations" time="0.083" /><testcase classname="tests.test_contacts_messages.TestConversations" name="test_create_duplicate_dm_returns_existing" time="0.195" /><testcase classname="tests.test_contacts_messages.TestMessages" name="test_send_message" time="0.379" /><testcase classname="tests.test_contacts_messages.TestMessages" name="test_get_messages" time="0.053" /><testcase classname="tests.test_contacts_messages.TestMessages" name="test_recall_message" time="0.174" /><testcase classname="tests.test_new_features.TestPublicKeyExchange" name="test_publish_public_key" time="0.419" /><testcase classname="tests.test_new_features.TestPublicKeyExchange" name="test_get_public_key" time="0.368" /><testcase classname="tests.test_new_features.TestPublicKeyExchange" name="test_get_public_key_not_found" time="0.544" /><testcase classname="tests.test_new_features.TestSessionInfo" name="test_session_info_includes_public_key" time="0.733" /><testcase classname="tests.test_new_features.TestCallSignaling" name="test_call_signal_offer" time="0.273" /><testcase classname="tests.test_new_features.TestCallSignaling" name="test_call_signal_ice_candidate" time="0.255" /><testcase classname="tests.test_new_features.TestCallSignaling" name="test_accept_call" time="0.402" /><testcase classname="tests.test_new_features.TestCallSignaling" name="test_reject_call" time="0.339" /><testcase classname="tests.test_new_features.TestCallSignaling" name="test_call_signal_invalid_call_id" time="0.157" /><testcase classname="tests.test_websocket_notifications.TestVersionCheck" name="test_api_version_2_0_0" time="0.139" /><testcase classname="tests.test_websocket_notifications.TestPushNotifications" name="test_register_push_token_authenticated" time="0.130" /><testcase classname="tests.test_websocket_notifications.TestPushNotifications" name="test_register_push_token_unauthenticated" time="0.040" /><testcase classname="tests.test_websocket_notifications.TestWebSocket" name="test_websocket_connection_with_valid_token" time="0.368" /><testcase classname="tests.test_websocket_notifications.TestWebSocket" name="test_websocket_ping_pong" time="0.792" /><testcase classname="tests.test_websocket_notifications.TestWebSocket" name="test_websocket_invalid_token_rejected" time="0.430" /><testcase classname="tests.test_websocket_notifications.TestMessageBroadcasting" name="test_message_send_creates_message" time="0.485" /><testcase classname="tests.test_websocket_notifications.TestExistingEndpointsStillWork" name="test_auth_endpoints_working" time="0.205" /><testcase classname="tests.test_websocket_notifications.TestExistingEndpointsStillWork" name="test_conversations_endpoints_working" time="0.184" /><testcase classname="tests.test_websocket_notifications.TestExistingEndpointsStillWork" name="test_security_endpoints_working" time="0.221" /></testsuite></testsuites>