<?xml version="1.0" encoding="utf-8"?><testsuites name="pytest tests"><testsuite name="pytest" errors="0" failures="0" skipped="0" tests="15" time="3.280" timestamp="2026-02-23T13:01:40.508430+00:00" hostname="agent-env-6f752a5e-fd15-498d-ac7c-218a02135c48"><testcase classname="backend.tests.test_ghostrecon_v4.TestWebRTCConfig" name="test_get_webrtc_config" time="0.162" /><testcase classname="backend.tests.test_ghostrecon_v4.TestWebRTCConfig" name="test_webrtc_config_requires_auth" time="0.077" /><testcase classname="backend.tests.test_ghostrecon_v4.TestDisappearingProfilePhotos" name="test_upload_profile_photo" time="0.082" /><testcase classname="backend.tests.test_ghostrecon_v4.TestDisappearingProfilePhotos" name="test_view_profile_photo_tracking" time="0.176" /><testcase classname="backend.tests.test_ghostrecon_v4.TestDisappearingProfilePhotos" name="test_profile_photo_disappears_after_max_views" time="0.245" /><testcase classname="backend.tests.test_ghostrecon_v4.TestDisappearingProfilePhotos" name="test_delete_profile_photo" time="0.278" /><testcase classname="backend.tests.test_ghostrecon_v4.TestGroupEncryption" name="test_distribute_group_key" time="0.226" /><testcase classname="backend.tests.test_ghostrecon_v4.TestGroupEncryption" name="test_get_my_group_key" time="0.238" /><testcase classname="backend.tests.test_ghostrecon_v4.TestGroupEncryption" name="test_rotate_group_key" time="0.436" /><testcase classname="backend.tests.test_ghostrecon_v4.TestGroupEncryption" name="test_get_group_key_not_found" time="0.373" /><testcase classname="backend.tests.test_ghostrecon_v4.TestRegressionExistingEndpoints" name="test_health_check" time="0.032" /><testcase classname="backend.tests.test_ghostrecon_v4.TestRegressionExistingEndpoints" name="test_auth_register_login" time="0.292" /><testcase classname="backend.tests.test_ghostrecon_v4.TestRegressionExistingEndpoints" name="test_conversations_and_messages" time="0.239" /><testcase classname="backend.tests.test_ghostrecon_v4.TestRegressionExistingEndpoints" name="test_security_endpoints" time="0.112" /><testcase classname="backend.tests.test_ghostrecon_v4.TestRegressionExistingEndpoints" name="test_calls_endpoints" time="0.276" /></testsuite></testsuites>