<?xml version="1.0" encoding="utf-8"?><testsuites name="pytest tests"><testsuite name="pytest" errors="0" failures="0" skipped="0" tests="9" time="4.887" timestamp="2026-02-23T11:15:17.908129+00:00" hostname="agent-env-6f752a5e-fd15-498d-ac7c-218a02135c48"><testcase classname="tests.test_new_features.TestPublicKeyExchange" name="test_publish_public_key" time="1.376" /><testcase classname="tests.test_new_features.TestPublicKeyExchange" name="test_get_public_key" time="0.332" /><testcase classname="tests.test_new_features.TestPublicKeyExchange" name="test_get_public_key_not_found" time="0.276" /><testcase classname="tests.test_new_features.TestSessionInfo" name="test_session_info_includes_public_key" time="0.308" /><testcase classname="tests.test_new_features.TestCallSignaling" name="test_call_signal_offer" time="0.434" /><testcase classname="tests.test_new_features.TestCallSignaling" name="test_call_signal_ice_candidate" time="0.418" /><testcase classname="tests.test_new_features.TestCallSignaling" name="test_accept_call" time="0.444" /><testcase classname="tests.test_new_features.TestCallSignaling" name="test_reject_call" time="0.396" /><testcase classname="tests.test_new_features.TestCallSignaling" name="test_call_signal_invalid_call_id" time="0.557" /></testsuite></testsuites>